Build started 26/05/2016 17:10:44.
     1>Project "E:\VCProj\OpenCVGMM\OpenCVGMM\OpenCVGMM.vcxproj" on node 2 (build target(s)).
     1>InitializeBuildStatus:
         Creating "Release\OpenCVGMM.unsuccessfulbuild" because "AlwaysCreate" was specified.
       ClCompile:
         C:\Program Files (x86)\Microsoft Visual Studio 10.0\VC\bin\CL.exe /c /I./include /Zi /nologo /W3 /WX- /O2 /Oi /Oy- /GL /D WIN32 /D NDEBUG /D _CONSOLE /D _UNICODE /D UNICODE /Gm- /EHsc /MD /GS /Gy /fp:precise /Zc:wchar_t /Zc:forScope /Fo"Release\\" /Fd"Release\vc100.pdb" /Gd /TP /analyze- /errorReport:prompt MainFile.cpp
         MainFile.cpp
       Link:
         C:\Program Files (x86)\Microsoft Visual Studio 10.0\VC\bin\link.exe /ERRORREPORT:PROMPT /OUT:"E:\VCProj\OpenCVGMM\Release\OpenCVGMM.exe" /INCREMENTAL:NO /NOLOGO /LIBPATH:./lib opencv_calib3d247.lib opencv_contrib247.lib opencv_core247.lib opencv_features2d247.lib opencv_flann247.lib opencv_gpu247.lib opencv_highgui247.lib opencv_imgproc247.lib opencv_legacy247.lib opencv_ml247.lib opencv_nonfree247.lib opencv_objdetect247.lib opencv_photo247.lib opencv_stitching247.lib opencv_ts247.lib opencv_video247.lib opencv_videostab247.lib kernel32.lib user32.lib gdi32.lib winspool.lib comdlg32.lib advapi32.lib shell32.lib ole32.lib oleaut32.lib uuid.lib odbc32.lib odbccp32.lib /MANIFEST /ManifestFile:"Release\OpenCVGMM.exe.intermediate.manifest" /MANIFESTUAC:"level='asInvoker' uiAccess='false'" /DEBUG /PDB:"E:\VCProj\OpenCVGMM\Release\OpenCVGMM.pdb" /SUBSYSTEM:CONSOLE /OPT:REF /OPT:ICF /LTCG /TLBID:1 /DYNAMICBASE /NXCOMPAT /IMPLIB:"E:\VCProj\OpenCVGMM\Release\OpenCVGMM.lib" /MACHINE:X86 Release\MainFile.obj
         Generating code
         Finished generating code
         OpenCVGMM.vcxproj -> E:\VCProj\OpenCVGMM\Release\OpenCVGMM.exe
       Manifest:
         C:\Program Files (x86)\Microsoft SDKs\Windows\v7.0A\bin\mt.exe /nologo /verbose /outputresource:"E:\VCProj\OpenCVGMM\Release\OpenCVGMM.exe;#1" /manifest Release\OpenCVGMM.exe.intermediate.manifest
       FinalizeBuildStatus:
         Deleting file "Release\OpenCVGMM.unsuccessfulbuild".
         Touching "Release\OpenCVGMM.lastbuildstate".
     1>Done Building Project "E:\VCProj\OpenCVGMM\OpenCVGMM\OpenCVGMM.vcxproj" (build target(s)).

Build succeeded.

Time Elapsed 00:00:01.44
