<<<<<<< HEAD
﻿Build started 01/06/2016 16:05:29.
     1>Project "E:\VCProj\OpenCVGMM\OpenCVGMM\OpenCVGMM.vcxproj" on node 2 (build target(s)).
=======
﻿Build started 27/05/2016 03:06:02.
     1>Project "C:\Researchwork\VCProj\OpenCVGMM\OpenCVGMM\OpenCVGMM.vcxproj" on node 2 (build target(s)).
>>>>>>> 5a17bc4f2a0cc6c110238548a9ff9a443c56906b
     1>InitializeBuildStatus:
         Creating "Debug\OpenCVGMM.unsuccessfulbuild" because "AlwaysCreate" was specified.
       ClCompile:
         All outputs are up-to-date.
       ManifestResourceCompile:
         All outputs are up-to-date.
       Link:
         All outputs are up-to-date.
       Manifest:
         All outputs are up-to-date.
       FinalizeBuildStatus:
         Deleting file "Debug\OpenCVGMM.unsuccessfulbuild".
         Touching "Debug\OpenCVGMM.lastbuildstate".
     1>Done Building Project "C:\Researchwork\VCProj\OpenCVGMM\OpenCVGMM\OpenCVGMM.vcxproj" (build target(s)).

Build succeeded.

<<<<<<< HEAD
Time Elapsed 00:00:00.07
=======
Time Elapsed 00:00:00.17
>>>>>>> 5a17bc4f2a0cc6c110238548a9ff9a443c56906b
